[Mon Aug 29 04:32:20.941 2016] 0.027 sec 0.027 sec [ext2/2/ext 1 (0,24)] [listing_core`, `listing_delta] *bình* *tân*
[Mon Aug 29 04:32:48.304 2016] 0.000 sec 0.000 sec [ext2/2/ext 1 (0,24)] [listing_core`, `listing_delta] *bình* *tân*
[Mon Aug 29 04:32:59.843 2016] 0.000 sec 0.000 sec [ext2/2/ext 1 (0,24)] [listing_core`, `listing_delta] *bình* *tân*
[Mon Aug 29 04:33:22.936 2016] 0.000 sec 0.000 sec [ext2/2/ext 1 (0,150)] [listing_core`, `listing_delta] *bình* *tân*
[Mon Aug 29 04:35:10.943 2016] 0.000 sec 0.000 sec [ext2/2/ext 1 (0,150)] [listing_core`, `listing_delta] *bình* *tân*
[Mon Aug 29 04:35:22.839 2016] 0.000 sec 0.000 sec [ext2/3/ext 1 (0,150)] [listing_core`, `listing_delta] *bình* *tân*
[Mon Aug 29 04:35:33.590 2016] 0.000 sec 0.000 sec [ext2/3/ext 1 (0,24)] [listing_core`, `listing_delta] *bình* *tân*
[Mon Aug 29 04:38:38.882 2016] 0.000 sec 0.000 sec [ext2/3/ext 1 (0,24)] [listing_core`, `listing_delta] *bình* *tân*
[Mon Aug 29 04:58:07.085 2016] 0.000 sec 0.000 sec [ext2/2/ext 1 (0,24)] [listing_core`, `listing_delta] *bình* *tân*
[Mon Aug 29 07:07:44.712 2016] 0.011 sec 0.011 sec [ext2/3/ext 0 (0,24)] [listing_core`, `listing_delta]
[Mon Aug 29 07:07:51.625 2016] 0.000 sec 0.000 sec [ext2/3/ext 2 (0,24)] [listing_core`, `listing_delta]
[Mon Aug 29 07:07:57.991 2016] 0.000 sec 0.000 sec [ext2/3/ext 2 (0,150)] [listing_core`, `listing_delta]
[Mon Aug 29 07:08:13.018 2016] 0.000 sec 0.000 sec [ext2/3/ext 2 (0,24)] [listing_core`, `listing_delta]
[Mon Aug 29 07:23:55.075 2016] 0.030 sec 0.030 sec [ext2/2/ext 1 (0,24)] [listing_core`, `listing_delta] *Bình* *Tân*
[Mon Aug 29 07:24:07.061 2016] 0.000 sec 0.000 sec [ext2/2/ext 1 (0,24)] [listing_core`, `listing_delta] *nam*
[Mon Aug 29 07:56:53.906 2016] 0.344 sec 0.344 sec [ext2/2/ext 1 (0,24)] [listing_core`, `listing_delta] *nam*
[Mon Aug 29 07:57:00.769 2016] 0.000 sec 0.000 sec [ext2/2/ext 0 (0,24)] [listing_core`, `listing_delta] *bữa* *ăn* *trưa* *vui* *vẻ*
[Mon Aug 29 07:57:06.341 2016] 0.000 sec 0.000 sec [ext2/2/ext 1 (0,24)] [listing_core`, `listing_delta] *nam*
[Mon Aug 29 07:57:08.144 2016] 0.000 sec 0.000 sec [ext2/2/ext 1 (0,24)] [listing_core`, `listing_delta] *Bình* *Tân*
[Mon Aug 29 07:57:24.079 2016] 0.000 sec 0.000 sec [ext2/2/ext 2 (0,24)] [listing_core`, `listing_delta] *Hồng* *vân*
[Mon Aug 29 07:57:36.405 2016] 0.000 sec 0.000 sec [ext2/2/ext 0 (0,24)] [listing_core`, `listing_delta] *Nam* *n*
[Mon Aug 29 07:57:41.295 2016] 0.000 sec 0.000 sec [ext2/2/ext 1 (0,24)] [listing_core`, `listing_delta] *Nam*
[Mon Aug 29 07:57:46.568 2016] 0.000 sec 0.000 sec [ext2/2/ext 0 (0,24)] [listing_core`, `listing_delta] *Nam* *n*
[Mon Aug 29 07:57:49.612 2016] 0.000 sec 0.000 sec [ext2/2/ext 2 (0,24)] [listing_core`, `listing_delta] *Hồng* *vân*
[Mon Aug 29 07:58:04.467 2016] 0.000 sec 0.000 sec [ext2/2/ext 0 (0,24)] [listing_core`, `listing_delta] *số* *9* *nguyễn* *trãi*
[Mon Aug 29 07:58:10.129 2016] 0.000 sec 0.000 sec [ext2/2/ext 0 (0,24)] [listing_core`, `listing_delta] *Nguyễn* *trãi*
[Mon Aug 29 07:58:25.348 2016] 0.000 sec 0.000 sec [ext2/2/ext 0 (0,24)] [listing_core`, `listing_delta] *Nguyễn* *trãi*
[Mon Aug 29 07:58:32.038 2016] 0.000 sec 0.000 sec [ext2/2/ext 0 (0,24)] [listing_core`, `listing_delta] \"*Nguyễn* *trãi*\"
[Mon Aug 29 07:58:45.592 2016] 0.000 sec 0.000 sec [ext2/2/ext 0 (0,24)] [listing_core`, `listing_delta] *Nguyễn* *trãi*
[Mon Aug 29 07:59:04.151 2016] 0.000 sec 0.000 sec [ext2/2/ext 0 (0,24)] [listing_core`, `listing_delta] *An* *Lạc*
[Mon Aug 29 07:59:09.237 2016] 0.000 sec 0.000 sec [ext2/2/ext 1 (0,24)] [listing_core`, `listing_delta] *Bình* *tân*
[Mon Aug 29 07:59:31.014 2016] 0.000 sec 0.000 sec [ext2/2/ext 1 (0,24)] [listing_core`, `listing_delta] *Bình* *tân*
[Mon Aug 29 07:59:34.950 2016] 0.001 sec 0.001 sec [ext2/2/ext 0 (0,24)] [listing_core`, `listing_delta] *Đường* *số* *16*, *An* *Lạc*, *Bình* *Tân*, *Hồ* *Chí* *Minh*, *Vietnam*
[Mon Aug 29 07:59:51.603 2016] 0.000 sec 0.000 sec [ext2/2/ext 0 (0,24)] [listing_core`, `listing_delta] *Đường* *số* *16*, *An* *Lạc*, *Bình* *Tân*, *Hồ* *Chí* *Minh*, *Vietnam*
[Mon Aug 29 08:05:33.745 2016] 0.000 sec 0.000 sec [ext2/2/ext 0 (0,150)] [listing_core`, `listing_delta] *Đường* *số* *16*, *An* *Lạc*, *Bình* *Tân*, *Hồ* *Chí* *Minh*, *Vietnam*
[Mon Aug 29 08:53:42.101 2016] 0.014 sec 0.014 sec [ext2/2/ext 0 (0,150)] [listing_core`, `listing_delta] *Đường* *số* *16*, *An* *Lạc*, *Bình* *Tân*, *Hồ* *Chí* *Minh*, *Vietnam*
[Mon Aug 29 08:53:55.857 2016] 0.000 sec 0.000 sec [ext2/2/ext 0 (0,150)] [listing_core`, `listing_delta] *Hồ* *chí* *minh* *việt* *nam*
[Mon Aug 29 08:54:11.921 2016] 0.000 sec 0.000 sec [ext2/2/ext 0 (0,150)] [listing_core`, `listing_delta] *chung* *cư* *lê* *thành*
[Mon Aug 29 08:56:13.574 2016] 0.000 sec 0.000 sec [ext2/2/ext 0 (0,24)] [listing_core`, `listing_delta] *Hồ* *chí* *minh* *việt* *nam*
[Mon Aug 29 08:56:46.627 2016] 0.000 sec 0.000 sec [ext2/2/ext 0 (0,24)] [listing_core`, `listing_delta] *Hồ* *chí* *minh* *việt* *nam*
[Mon Aug 29 08:57:09.602 2016] 0.010 sec 0.010 sec [ext2/2/ext 2 (0,24)] [listing_core`, `listing_delta] *Hồng* *vân*
[Mon Aug 29 08:57:16.703 2016] 0.000 sec 0.000 sec [ext2/2/ext 1 (0,24)] [listing_core`, `listing_delta] *Bình* *Tân*
[Mon Aug 29 08:57:25.103 2016] 0.000 sec 0.000 sec [ext2/2/ext 2 (0,24)] [listing_core`, `listing_delta] *Hồng* *vân*
[Mon Aug 29 09:08:04.906 2016] 0.000 sec 0.000 sec [ext2/2/ext 1 (0,24)] [listing_core`, `listing_delta] *bình* *tân*
[Mon Aug 29 09:08:21.008 2016] 0.001 sec 0.001 sec [ext2/3/ext 0 (0,150)] [listing_core`, `listing_delta]
[Mon Aug 29 09:11:04.924 2016] 0.000 sec 0.000 sec [ext2/3/ext 0 (0,150)] [listing_core`, `listing_delta]
[Mon Aug 29 09:23:42.472 2016] 0.000 sec 0.000 sec [ext2/3/ext 0 (0,150)] [listing_core`, `listing_delta]
[Mon Aug 29 09:38:16.798 2016] 0.000 sec 0.000 sec [ext2/1/ext 1 (0,20)] [listing_core]
[Mon Aug 29 09:47:18.912 2016] 0.000 sec 0.000 sec [ext2/1/ext 0 (0,20)] [listing_core]
[Mon Aug 29 09:47:19.037 2016] 0.000 sec 0.000 sec [ext2/1/ext 0 (0,20)] [custom_field_value_core]
[Mon Aug 29 09:47:19.053 2016] 0.000 sec 0.000 sec [ext2/1/ext 0 (0,20)] [custom_field_value_core]
[Mon Aug 29 09:57:06.483 2016] 0.000 sec 0.000 sec [ext2/1/ext 0 (0,20)] [listing_core]
[Mon Aug 29 09:57:06.874 2016] 0.000 sec 0.000 sec [ext2/1/ext 0 (0,20)] [custom_field_value_core]
[Mon Aug 29 09:57:07.035 2016] 0.000 sec 0.000 sec [ext2/1/ext 0 (0,20)] [custom_field_value_core]
[Mon Aug 29 09:57:07.370 2016] 0.000 sec 0.000 sec [ext2/1/ext 0 (0,20)] [custom_field_value_core]
[Mon Aug 29 09:58:34.121 2016] 0.003 sec 0.003 sec [ext2/3/ext 2 (0,24)] [listing_core`, `listing_delta]
[Mon Aug 29 09:58:41.318 2016] 0.000 sec 0.000 sec [ext2/3/ext 0 (0,24)] [listing_core`, `listing_delta]
[Mon Aug 29 09:58:44.151 2016] 0.000 sec 0.000 sec [ext2/3/ext 2 (0,24)] [listing_core`, `listing_delta]
[Mon Aug 29 10:04:18.366 2016] 0.000 sec 0.000 sec [ext2/1/ext 0 (0,20)] [listing_core]
[Mon Aug 29 10:04:18.386 2016] 0.000 sec 0.000 sec [ext2/1/ext 0 (0,20)] [listing_core]
[Mon Aug 29 10:04:28.619 2016] 0.000 sec 0.000 sec [ext2/1/ext 0 (0,20)] [listing_core]
[Mon Aug 29 11:22:35.627 2016] 0.024 sec 0.024 sec [ext2/2/ext 0 (0,24)] [listing_core`, `listing_delta] *bình* *tân*
[Mon Aug 29 11:23:06.660 2016] 0.014 sec 0.014 sec [ext2/2/ext 0 (0,24)] [listing_core`, `listing_delta] *quận* *8*
[Mon Aug 29 11:45:19.175 2016] 0.000 sec 0.003 sec [ext2/1/ext 0 (0,20)] [listing_core]
[Mon Aug 29 18:17:59.869 2016] 0.034 sec 0.034 sec [ext2/2/ext 0 (0,150)] [listing_core`, `listing_delta] *quận* *8*
[Mon Aug 29 18:18:07.212 2016] 0.008 sec 0.008 sec [ext2/2/ext 2 (0,150)] [listing_core`, `listing_delta] *hồng* *vân*
[Mon Aug 29 18:31:22.695 2016] 0.000 sec 0.000 sec [ext2/2/ext 2 (0,150)] [listing_core`, `listing_delta] *hồng* *vân*
[Mon Aug 29 18:31:26.624 2016] 0.000 sec 0.000 sec [ext2/2/ext 2 (0,150)] [listing_core`, `listing_delta] *hồng* *vân*
[Mon Aug 29 19:57:50.800 2016] 0.008 sec 0.008 sec [ext2/3/ext 2 (0,150)] [listing_core`, `listing_delta]
[Tue Aug 30 05:49:20.471 2016] 0.000 sec 0.035 sec [ext2/1/ext 0 (0,20)] [listing_core]
[Tue Aug 30 05:49:20.647 2016] 0.000 sec 0.000 sec [ext2/1/ext 0 (0,20)] [custom_field_value_core]
[Tue Aug 30 05:49:20.669 2016] 0.000 sec 0.000 sec [ext2/1/ext 0 (0,20)] [custom_field_value_core]
[Tue Aug 30 05:49:20.706 2016] 0.000 sec 0.000 sec [ext2/1/ext 0 (0,20)] [custom_field_value_core]
[Tue Aug 30 16:42:50.379 2016] 0.043 sec 0.043 sec [ext2/3/ext 0 (0,24)] [listing_core`, `listing_delta]
[Tue Aug 30 16:43:00.221 2016] 0.000 sec 0.000 sec [ext2/3/ext 2 (0,24)] [listing_core`, `listing_delta]
[Tue Aug 30 19:17:45.768 2016] 0.022 sec 0.022 sec [ext2/2/ext 0 (0,24)] [listing_core`, `listing_delta] *số* *9* *nguyễn* *trãi*
[Tue Aug 30 19:17:54.099 2016] 0.876 sec 0.876 sec [ext2/2/ext 0 (0,24)] [listing_core`, `listing_delta] *bình* *tân*
[Tue Aug 30 19:19:08.380 2016] 0.000 sec 0.000 sec [ext2/2/ext 0 (0,24)] [listing_core`, `listing_delta] *bình* *tân*
[Tue Aug 30 19:19:39.886 2016] 0.000 sec 0.000 sec [ext2/2/ext 0 (0,24)] [listing_core`, `listing_delta] *Số* *9* *nguyễn* *trãi*
[Tue Aug 30 19:21:28.094 2016] 0.000 sec 0.000 sec [ext2/2/ext 0 (0,24)] [listing_core`, `listing_delta] *chung* *cư* *lê* *thành*
[Tue Aug 30 19:21:38.045 2016] 0.000 sec 0.000 sec [ext2/2/ext 0 (0,24)] [listing_core`, `listing_delta] *chung* *cư* *lê* *thành*
[Tue Aug 30 19:22:11.268 2016] 0.001 sec 0.001 sec [ext2/2/ext 0 (0,24)] [listing_core`, `listing_delta] *quận* *8*
[Tue Aug 30 19:22:34.446 2016] 0.000 sec 0.000 sec [ext2/2/ext 0 (0,24)] [listing_core`, `listing_delta] *chung* *cư* *lê* *thành*
[Tue Aug 30 19:22:40.258 2016] 0.000 sec 0.000 sec [ext2/2/ext 0 (0,150)] [listing_core`, `listing_delta] *chung* *cư* *lê* *thành*
[Tue Aug 30 19:23:14.366 2016] 0.000 sec 0.000 sec [ext2/2/ext 0 (0,150)] [listing_core`, `listing_delta] *Quận* *8*
[Tue Aug 30 19:25:41.897 2016] 0.000 sec 0.000 sec [ext2/2/ext 0 (0,24)] [listing_core`, `listing_delta] *quận* *8*
[Tue Aug 30 19:25:49.910 2016] 0.000 sec 0.000 sec [ext2/2/ext 0 (0,24)] [listing_core`, `listing_delta] *quận* *1*
[Tue Aug 30 19:25:58.219 2016] 0.001 sec 0.001 sec [ext2/2/ext 0 (0,24)] [listing_core`, `listing_delta] *bình* *tân*
[Tue Aug 30 19:27:02.775 2016] 0.000 sec 0.000 sec [ext2/2/ext 0 (0,24)] [listing_core`, `listing_delta] *quận* *8*
[Tue Aug 30 19:27:13.550 2016] 0.018 sec 0.018 sec [ext2/2/ext 3 (0,24)] [listing_core`, `listing_delta] *hồng* *vân*
[Tue Aug 30 19:27:35.090 2016] 0.000 sec 0.000 sec [ext2/2/ext 3 (0,24)] [listing_core`, `listing_delta] *hồng* *vân*
[Tue Aug 30 19:28:15.132 2016] 0.000 sec 0.000 sec [ext2/2/ext 0 (0,24)] [listing_core`, `listing_delta] *bữa* *ăn* *vui* *vẻ*
[Tue Aug 30 19:28:22.247 2016] 0.000 sec 0.000 sec [ext2/2/ext 0 (0,24)] [listing_core`, `listing_delta] *vui* *vẻ*
[Tue Aug 30 19:28:35.592 2016] 0.000 sec 0.000 sec [ext2/2/ext 0 (0,24)] [listing_core`, `listing_delta] *quận* *8*
[Tue Aug 30 19:28:46.800 2016] 0.000 sec 0.000 sec [ext2/2/ext 2 (0,24)] [listing_core`, `listing_delta] *nhà* *hồng* *vân*
[Tue Aug 30 19:28:57.816 2016] 0.000 sec 0.000 sec [ext2/2/ext 0 (0,24)] [listing_core`, `listing_delta] *bữa* *ăn* *trưa*
[Tue Aug 30 19:30:35.220 2016] 0.000 sec 0.000 sec [ext2/2/ext 0 (0,24)] [listing_core`, `listing_delta] *bữa* *ăn* *trưa*
[Tue Aug 30 19:30:52.484 2016] 0.000 sec 0.000 sec [ext2/2/ext 0 (0,24)] [listing_core`, `listing_delta] *chung* *cư* *lê* *thành* *quận* *1*
[Tue Aug 30 21:08:55.790 2016] 0.034 sec 0.034 sec [ext2/4/ext 0 (0,24)] [listing_core`, `listing_delta]
[Tue Aug 30 21:09:23.959 2016] 0.026 sec 0.026 sec [ext2/2/ext 0 (0,24)] [listing_core`, `listing_delta] *Quận* *tân* *bình*
[Tue Aug 30 21:23:05.462 2016] 0.001 sec 0.001 sec [ext2/3/ext 2 (0,150)] [listing_core`, `listing_delta]
[Tue Aug 30 21:52:26.681 2016] 0.031 sec 0.031 sec [ext2/2/ext 3 (0,24)] [listing_core`, `listing_delta] *Hồng* *vân*
[Tue Aug 30 21:53:20.007 2016] 0.000 sec 0.000 sec [ext2/2/ext 3 (0,150)] [listing_core`, `listing_delta] *Hồng* *vân*
[Wed Aug 31 02:38:04.218 2016] 0.025 sec 0.025 sec [ext2/2/ext 0 (0,24)] [listing_core`, `listing_delta] *Hồ* *chí* *minh*
[Wed Aug 31 02:38:44.007 2016] 0.000 sec 0.000 sec [ext2/2/ext 0 (0,150)] [listing_core`, `listing_delta] *Hồ* *chí* *minh*
[Wed Aug 31 02:39:24.353 2016] 0.000 sec 0.000 sec [ext2/2/ext 3 (0,24)] [listing_core`, `listing_delta] *Hồng* *vân*
[Wed Aug 31 04:42:39.163 2016] 0.012 sec 0.012 sec [ext2/2/ext 0 (0,24)] [listing_core`, `listing_delta] *chung* *cư* *lê* *thàn*
[Wed Aug 31 07:38:57.393 2016] 0.000 sec 0.024 sec [ext2/1/ext 0 (0,20)] [listing_core]
[Wed Aug 31 09:59:37.107 2016] 0.028 sec 0.028 sec [ext2/2/ext 0 (0,24)] [listing_core`, `listing_delta] *Chung* *cư* *4S*, *Ho* *Chi* *Minh* *City*, *Ho* *Chi* *Minh*, *Vietnam*
[Wed Aug 31 10:04:28.225 2016] 0.004 sec 0.004 sec [ext2/2/ext 0 (0,24)] [listing_core`, `listing_delta] *Quận* *8*, *Ho* *Chi* *Minh*, *Vietnam*
[Wed Aug 31 10:12:25.853 2016] 0.000 sec 0.002 sec [ext2/1/ext 0 (0,20)] [listing_core]
[Wed Aug 31 10:12:27.489 2016] 0.000 sec 0.000 sec [ext2/1/ext 0 (0,20)] [custom_field_value_core]
[Wed Aug 31 10:12:27.517 2016] 0.000 sec 0.000 sec [ext2/1/ext 0 (0,20)] [custom_field_value_core]
[Wed Aug 31 10:12:27.548 2016] 0.000 sec 0.000 sec [ext2/1/ext 0 (0,20)] [custom_field_value_core]
[Wed Aug 31 10:17:54.762 2016] 0.030 sec 0.030 sec [ext2/2/ext 0 (0,24)] [listing_core`, `listing_delta] *Bình* *Tân*, *Ho* *Chi* *Minh*, *Vietnam*
[Wed Aug 31 10:18:09.895 2016] 0.000 sec 0.000 sec [ext2/2/ext 0 (0,24)] [listing_core`, `listing_delta] *Chung* *cư* *Lê* *Thành* *Khu* *B*, *An* *Dương* *Vương*, *Ho* *Chi* *Minh* *City*, *Ho* *Chi* *Minh*, *Vietnam*
[Wed Aug 31 10:18:32.943 2016] 0.000 sec 0.000 sec [ext2/2/ext 0 (0,24)] [listing_core`, `listing_delta] *Chung* *cư* *Lê* *Thành* *Khu* *B*, *An* *Dương* *Vương*, *Ho* *Chi* *Minh* *City*, *Ho* *Chi* *Minh*, *Vietnam*
[Wed Aug 31 10:19:28.182 2016] 0.000 sec 0.000 sec [ext2/1/ext 0 (0,20)] [listing_core]
[Wed Aug 31 10:19:44.092 2016] 0.000 sec 0.000 sec [ext2/1/ext 0 (0,20)] [listing_core]
[Wed Aug 31 10:20:10.123 2016] 0.000 sec 0.000 sec [ext2/1/ext 0 (0,20)] [listing_core]
[Wed Aug 31 10:20:20.381 2016] 0.000 sec 0.000 sec [ext2/1/ext 0 (0,20)] [listing_core]
[Wed Aug 31 10:22:11.742 2016] 0.000 sec 0.000 sec [ext2/1/ext 0 (0,20)] [listing_core]
[Wed Aug 31 10:22:11.949 2016] 0.000 sec 0.000 sec [ext2/1/ext 0 (0,20)] [custom_field_value_core]
[Wed Aug 31 10:22:11.996 2016] 0.000 sec 0.000 sec [ext2/1/ext 0 (0,20)] [custom_field_value_core]
[Wed Aug 31 10:22:12.033 2016] 0.000 sec 0.000 sec [ext2/1/ext 0 (0,20)] [custom_field_value_core]
[Wed Aug 31 10:22:36.602 2016] 0.000 sec 0.000 sec [ext2/2/ext 0 (0,24)] [listing_core`, `listing_delta] *Chung* *cư* *Lê* *Thành* *Khu* *B*, *An* *Dương* *Vương*, *Ho* *Chi* *Minh* *City*, *Ho* *Chi* *Minh*, *Vietnam*
[Wed Aug 31 10:22:58.870 2016] 0.000 sec 0.000 sec [ext2/2/ext 0 (0,24)] [listing_core`, `listing_delta] *Chung* *cư* *Lê* *Thành* *Khu* *B*, *An* *Dương* *Vương*, *Ho* *Chi* *Minh* *City*, *Ho* *Chi* *Minh*, *Vietnam*
[Wed Aug 31 10:23:00.509 2016] 0.000 sec 0.000 sec [ext2/2/ext 0 (0,150)] [listing_core`, `listing_delta] *Chung* *cư* *Lê* *Thành* *Khu* *B*, *An* *Dương* *Vương*, *Ho* *Chi* *Minh* *City*, *Ho* *Chi* *Minh*, *Vietnam*
[Wed Aug 31 10:24:11.623 2016] 0.000 sec 0.000 sec [ext2/2/ext 0 (0,150)] [listing_core`, `listing_delta] *Chung* *cư* *Lê* *Thành* *Khu* *B*, *An* *Dương* *Vương*, *Ho* *Chi* *Minh* *City*, *Ho* *Chi* *Minh*, *Vietnam*
[Wed Aug 31 10:29:04.540 2016] 0.000 sec 0.000 sec [ext2/1/ext 0 (0,20)] [listing_core]
[Wed Aug 31 10:29:04.707 2016] 0.000 sec 0.000 sec [ext2/1/ext 0 (0,20)] [custom_field_value_core]
[Wed Aug 31 10:29:04.750 2016] 0.000 sec 0.000 sec [ext2/1/ext 0 (0,20)] [custom_field_value_core]
[Wed Aug 31 10:29:04.770 2016] 0.000 sec 0.000 sec [ext2/1/ext 0 (0,20)] [custom_field_value_core]
[Wed Aug 31 10:39:24.242 2016] 0.037 sec 0.037 sec [ext2/2/ext 0 (0,24)] [listing_core`, `listing_delta] *Quận* *3*, *Ho* *Chi* *Minh*, *Vietnam*
[Wed Aug 31 10:41:08.762 2016] 0.000 sec 0.000 sec [ext2/2/ext 0 (0,24)] [listing_core`, `listing_delta] *Quận* *3*, *Ho* *Chi* *Minh*, *Vietnam*
[Wed Aug 31 10:43:15.097 2016] 0.000 sec 0.000 sec [ext2/2/ext 0 (0,24)] [listing_core`, `listing_delta] *Chung* *cư* *Lê* *Thành* *Khu* *B*, *An* *Dương* *Vương*, *Ho* *Chi* *Minh* *City*, *Ho* *Chi* *Minh*, *Vietnam*
[Wed Aug 31 10:43:40.326 2016] 0.000 sec 0.000 sec [ext2/2/ext 0 (0,24)] [listing_core`, `listing_delta] *Chung* *cư* *Lê* *Thành* *Khu* *B*, *An* *Dương* *Vương*, *Ho* *Chi* *Minh* *City*, *Ho* *Chi* *Minh*, *Vietnam*
[Mon Sep  5 09:09:51.025 2016] 0.000 sec 0.014 sec [ext2/1/ext 0 (0,20)] [listing_core]
[Mon Sep  5 09:14:03.980 2016] 0.000 sec 0.000 sec [ext2/1/ext 0 (0,20)] [listing_core]
[Mon Sep  5 09:14:04.931 2016] 0.000 sec 0.000 sec [ext2/1/ext 0 (0,20)] [custom_field_value_core]
[Mon Sep  5 09:14:05.517 2016] 0.000 sec 0.000 sec [ext2/1/ext 0 (0,20)] [custom_field_value_core]
[Mon Sep  5 09:14:06.783 2016] 0.000 sec 0.000 sec [ext2/1/ext 0 (0,20)] [custom_field_value_core]
[Mon Sep  5 15:44:09.815 2016] 0.046 sec 0.046 sec [ext2/2/ext 1 (0,24)] [listing_core`, `listing_delta] *tom* *chien* *gion*
[Mon Sep  5 16:57:41.031 2016] 0.033 sec 0.033 sec [ext2/2/ext 0 (0,24)] [listing_core`, `listing_delta] *com* *trua* *dac* *biet*
[Mon Sep  5 16:57:46.365 2016] 0.000 sec 0.000 sec [ext2/2/ext 1 (0,24)] [listing_core`, `listing_delta] *tom* *chien* *gion*
[Tue Sep  6 08:56:00.570 2016] 0.268 sec 0.268 sec [ext2/2/ext 1 (0,24)] [listing_core`, `listing_delta] *tom* *chien* *gion*
[Tue Sep  6 08:56:01.645 2016] 0.000 sec 0.000 sec [ext2/2/ext 1 (0,24)] [listing_core`, `listing_delta] *tom* *chien* *gion*
[Tue Sep  6 11:11:46.540 2016] 0.032 sec 0.032 sec [ext2/5/ext 0 (0,24)] [listing_core`, `listing_delta]
[Tue Sep  6 14:46:06.682 2016] 0.015 sec 0.015 sec [ext2/3/ext 4 (0,24)] [listing_core`, `listing_delta]
[Wed Sep  7 13:44:06.986 2016] 0.109 sec 0.109 sec [ext2/2/ext 0 (0,24)] [listing_core`, `listing_delta] *Ho* *Chi* *Minh* *City*, *Ho* *Chi* *Minh*, *Vietnam*
[Wed Sep  7 19:19:54.613 2016] 0.027 sec 0.027 sec [ext2/2/ext 0 (0,24)] [listing_core`, `listing_delta] *Ho* *Chi* *Minh* *City*, *Ho* *Chi* *Minh*, *Vietnam*
[Thu Sep  8 09:00:08.789 2016] 0.035 sec 0.035 sec [ext2/2/ext 0 (0,24)] [listing_core`, `listing_delta] *Ho* *Chi* *Minh* *City*, *Ho* *Chi* *Minh*, *Vietnam*
[Thu Sep  8 10:24:28.103 2016] 0.018 sec 0.018 sec [ext2/3/ext 1 (0,150)] [listing_core`, `listing_delta]
[Thu Sep  8 16:47:52.255 2016] 0.025 sec 0.025 sec [ext2/2/ext 0 (0,150)] [listing_core`, `listing_delta] *chung* *co* *le* *thanh*
[Thu Sep  8 19:19:47.050 2016] 0.023 sec 0.023 sec [ext2/2/ext 0 (0,24)] [listing_core`, `listing_delta] *Ho* *Chi* *Minh* *City*, *Ho* *Chi* *Minh*, *Vietnam*
[Mon Sep 12 13:49:36.120 2016] 1.276 sec 1.276 sec [ext2/2/ext 0 (0,150)] [listing_core`, `listing_delta] *Quận* *1*
[Mon Sep 12 13:49:36.605 2016] 0.000 sec 0.000 sec [ext2/2/ext 0 (0,150)] [listing_core`, `listing_delta] *Quận* *1*
[Wed Sep 14 13:48:12.122 2016] 0.121 sec 0.121 sec [ext2/4/ext 0 (0,150)] [listing_core`, `listing_delta]
[Wed Sep 14 14:00:32.939 2016] 0.020 sec 0.020 sec [ext2/3/ext 0 (0,150)] [listing_core`, `listing_delta]
[Wed Sep 14 14:00:38.769 2016] 0.000 sec 0.000 sec [ext2/3/ext 0 (0,150)] [listing_core`, `listing_delta]
[Wed Sep 14 14:01:47.685 2016] 0.000 sec 0.000 sec [ext2/3/ext 1 (0,150)] [listing_core`, `listing_delta]
[Wed Sep 14 14:01:51.935 2016] 0.000 sec 0.000 sec [ext2/3/ext 1 (0,24)] [listing_core`, `listing_delta]
[Wed Sep 14 14:01:55.717 2016] 0.000 sec 0.000 sec [ext2/3/ext 1 (0,24)] [listing_core`, `listing_delta]
[Wed Sep 14 14:04:01.829 2016] 0.000 sec 0.000 sec [ext2/4/ext 1 (0,150)] [listing_core`, `listing_delta]
[Wed Sep 14 14:04:15.764 2016] 0.000 sec 0.000 sec [ext2/4/ext 2 (0,150)] [listing_core`, `listing_delta]
[Wed Sep 14 14:04:25.504 2016] 0.000 sec 0.000 sec [ext2/4/ext 2 (0,24)] [listing_core`, `listing_delta]
[Wed Sep 14 14:04:30.982 2016] 0.000 sec 0.000 sec [ext2/4/ext 2 (0,24)] [listing_core`, `listing_delta]
[Wed Sep 14 14:10:26.672 2016] 0.014 sec 0.014 sec [ext2/4/ext 2 (0,150)] [listing_core`, `listing_delta]
[Wed Sep 14 14:15:58.168 2016] 0.227 sec 0.227 sec [ext2/2/ext 0 (0,150)] [listing_core`, `listing_delta] *minh* *khai*
[Tue Sep 20 15:08:29.017 2016] 0.036 sec 0.036 sec [ext2/4/ext 0 (0,150)] [`listing_core`, `listing_delta]
[Wed Sep 21 21:49:51.358 2016] 0.023 sec 0.023 sec [ext2/2/ext 0 (0,150)] [`listing_core`, `listing_delta] *1* *nguyễn* *Huệ*
[Thu Sep 22 15:01:47.256 2016] 0.019 sec 0.019 sec [ext2/3/ext 1 (0,150)] [`listing_core`, `listing_delta]
[Thu Sep 22 15:01:58.453 2016] 0.000 sec 0.000 sec [ext2/3/ext 0 (0,150)] [`listing_core`, `listing_delta]
[Thu Sep 22 15:02:10.489 2016] 0.000 sec 0.000 sec [ext2/3/ext 0 (0,150)] [`listing_core`, `listing_delta]
[Thu Sep 22 15:02:19.511 2016] 0.000 sec 0.000 sec [ext2/3/ext 1 (0,150)] [`listing_core`, `listing_delta]
[Thu Sep 22 15:02:37.340 2016] 0.000 sec 0.000 sec [ext2/3/ext 0 (0,150)] [`listing_core`, `listing_delta]
[Thu Sep 22 15:02:48.504 2016] 0.000 sec 0.000 sec [ext2/3/ext 1 (0,150)] [`listing_core`, `listing_delta]
[Thu Sep 22 16:00:40.156 2016] 0.130 sec 0.130 sec [ext2/5/ext 0 (0,150)] [`listing_core`, `listing_delta]
[Thu Sep 22 16:00:44.989 2016] 0.000 sec 0.000 sec [ext2/5/ext 0 (0,24)] [`listing_core`, `listing_delta]
[Thu Sep 22 16:00:46.911 2016] 0.000 sec 0.000 sec [ext2/5/ext 0 (0,24)] [`listing_core`, `listing_delta]
[Thu Sep 22 16:09:52.780 2016] 0.027 sec 0.027 sec [ext2/3/ext 0 (0,150)] [`listing_core`, `listing_delta] *hà* *nội*
[Tue Sep 27 11:05:26.607 2016] 0.020 sec 0.020 sec [ext2/3/ext 1 (0,150)] [`listing_core`, `listing_delta]
[Tue Sep 27 11:05:35.896 2016] 0.000 sec 0.000 sec [ext2/3/ext 1 (0,24)] [`listing_core`, `listing_delta]
[Mon Oct  3 05:54:37.759 2016] 0.087 sec 0.087 sec [ext2/2/ext 1 (0,150)] [`listing_core`, `listing_delta] *Bình* *thạnh*
[Mon Oct  3 19:17:43.634 2016] 0.021 sec 0.021 sec [ext2/5/ext 0 (0,150)] [`listing_core`, `listing_delta]
[Mon Oct  3 22:49:42.178 2016] 0.078 sec 0.078 sec [ext2/2/ext 0 (0,150)] [`listing_core`, `listing_delta] *phan* *van* *truong*
[Tue Oct  4 12:09:41.082 2016] 0.024 sec 0.024 sec [ext2/3/ext 1 (0,150)] [`listing_core`, `listing_delta]
[Tue Oct  4 12:09:58.877 2016] 0.000 sec 0.000 sec [ext2/3/ext 1 (0,24)] [`listing_core`, `listing_delta]
[Tue Oct  4 12:34:14.718 2016] 0.035 sec 0.035 sec [ext2/3/ext 1 (0,150)] [`listing_core`, `listing_delta]
[Tue Oct  4 12:34:30.420 2016] 0.000 sec 0.000 sec [ext2/3/ext 1 (0,24)] [`listing_core`, `listing_delta]
[Fri Oct  7 09:15:46.423 2016] 0.019 sec 0.019 sec [ext2/3/ext 0 (0,150)] [`listing_core`, `listing_delta]
[Fri Oct  7 09:16:01.652 2016] 0.000 sec 0.000 sec [ext2/4/ext 0 (0,150)] [`listing_core`, `listing_delta]
[Wed Oct 19 20:07:36.531 2016] 0.023 sec 0.023 sec [ext2/4/ext 0 (0,150)] [`listing_core`, `listing_delta]
[Sat Oct 22 13:52:19.619 2016] 0.026 sec 0.026 sec [ext2/3/ext 1 (0,150)] [`listing_core`, `listing_delta]
[Sat Oct 22 13:53:03.667 2016] 0.000 sec 0.000 sec [ext2/4/ext 0 (0,150)] [`listing_core`, `listing_delta]
[Sat Oct 22 13:53:20.099 2016] 0.000 sec 0.000 sec [ext2/4/ext 0 (0,150)] [`listing_core`, `listing_delta]
[Sat Oct 22 13:53:29.759 2016] 0.000 sec 0.000 sec [ext2/4/ext 0 (0,150)] [`listing_core`, `listing_delta]
[Sat Oct 22 13:53:42.223 2016] 0.000 sec 0.000 sec [ext2/3/ext 1 (0,150)] [`listing_core`, `listing_delta]
[Sat Oct 22 13:53:51.719 2016] 0.000 sec 0.000 sec [ext2/3/ext 1 (0,24)] [`listing_core`, `listing_delta]
[Sat Oct 22 13:53:56.742 2016] 0.000 sec 0.000 sec [ext2/3/ext 1 (0,24)] [`listing_core`, `listing_delta]
[Sat Oct 22 13:54:28.298 2016] 0.000 sec 0.000 sec [ext2/3/ext 1 (0,150)] [`listing_core`, `listing_delta]
[Thu Oct 27 16:35:34.670 2016] 0.022 sec 0.022 sec [ext2/4/ext 0 (0,150)] [`listing_core`, `listing_delta]
[Thu Oct 27 16:35:48.072 2016] 0.000 sec 0.000 sec [ext2/3/ext 0 (0,150)] [`listing_core`, `listing_delta]
[Wed Nov  2 14:04:44.856 2016] 0.018 sec 0.018 sec [ext2/3/ext 0 (0,150)] [`listing_core`, `listing_delta]
[Wed Nov  2 14:04:59.519 2016] 0.000 sec 0.000 sec [ext2/4/ext 0 (0,150)] [`listing_core`, `listing_delta]
